Arguments: 
  /Users/cobraz/.nvm/versions/node/v10.16.0/bin/node /usr/local/Cellar/yarn/1.22.0/libexec/bin/yarn.js

PATH: 
  /Users/cobraz/google-cloud-sdk/bin:/usr/local/sbin:/Users/cobraz/.yarn/bin:/Users/cobraz/.config/yarn/global/node_modules/.bin:/Users/cobraz/.nvm/versions/node/v10.16.0/bin:/Users/cobraz/.netlify/helper/bin:/Users/cobraz/bin:/Users/cobraz/google-cloud-sdk/bin/:/Users/cobraz/.composer/vendor/bin:~/Library/Python/2.7/bin/:/Users/cobraz/.fastlane/bin:/usr/local/bin:/usr/bin:/bin:/usr/sbin:/sbin:/usr/local/go/bin:/usr/local/share/dotnet:~/.dotnet/tools:/Library/Frameworks/Mono.framework/Versions/Current/Commands:/Applications/Xamarin Workbooks.app/Contents/SharedSupport/path-bin:/Users/cobraz/google-cloud-sdk/bin:/usr/local/sbin:/Users/cobraz/.yarn/bin:/Users/cobraz/.config/yarn/global/node_modules/.bin:/Users/cobraz/.netlify/helper/bin:/Users/cobraz/bin:/Users/cobraz/google-cloud-sdk/bin/:/Users/cobraz/.composer/vendor/bin:~/Library/Python/2.7/bin/:/Users/cobraz/.fastlane/bin:/Applications/Visual Studio Code.app/Contents/Resources/app/bin:/Applications/flutter/bin:/Users/cobraz/.bin:~/bin/:/Applications/Visual Studio Code.app/Contents/Resources/app/bin:/Applications/flutter/bin:/Users/cobraz/.bin:~/Library/Python/2.7/bin/:/bin:~/Library/Python/2.7/bin/:~/bin/

Yarn version: 
  1.22.0

Node version: 
  10.16.0

Platform: 
  darwin x64

Trace: 
  SyntaxError: /Users/cobraz/Repos/tabetalt/devops-config/package.json: Unexpected token } in JSON at position 399
      at JSON.parse (<anonymous>)
      at /usr/local/Cellar/yarn/1.22.0/libexec/lib/cli.js:1625:59
      at Generator.next (<anonymous>)
      at step (/usr/local/Cellar/yarn/1.22.0/libexec/lib/cli.js:310:30)
      at /usr/local/Cellar/yarn/1.22.0/libexec/lib/cli.js:321:13

npm manifest: 
  {
    "name": "@tabetalt/devops-config",
    "main": "dist/index.js",
    "description": "[internal] DevOps Configuration for Tabetalt",
    "license": "MIT",
    "version": "1.0.0",
    "private": false,
    "publishConfig": {
      "access": "public"
    },
    "scripts": {
      "build": "tsc",
      "generate-docs": "typedoc --mode file --readme none --plugin typedoc-plugin-markdown --hideSources --out docs src",
    },
    "files": [
      "dist/*"
    ],
    "devDependencies": {
      "prettier": "^2.0.5",
      "typedoc": "^0.17.3",
      "typedoc-plugin-markdown": "^2.2.16",
      "typescript": "^3.8.3"
    },
    "dependencies": {
      "@pulumi/docker": "^1.5.0",
      "@pulumi/gcp": "^3.1.0",
      "@pulumi/kubernetes": "^2.0.0",
      "@pulumi/kubernetesx": "^0.1.3",
      "@pulumi/pulumi": "^2.0.0",
      "@pulumi/random": "^2.0.0",
      "@pulumi/vault": "^1.11.0"
    }
  }

yarn manifest: 
  No manifest

Lockfile: 
  No lockfile
